{
  "RSpec": {
    "coverage": {
      "/Users/adamromano/Documents/GitHub/Battle/spec/features/attack_player_spec.rb": [
        1,
        null,
        1,
        1,
        1,
        1,
        1,
        null,
        null,
        1,
        1,
        1,
        1,
        1,
        null,
        null,
        1,
        1,
        1,
        1,
        null,
        null,
        1,
        1,
        3,
        1,
        null,
        null
      ],
      "/Users/adamromano/Documents/GitHub/Battle/spec/features/web_helpers.rb": [
        null,
        1,
        6,
        6,
        6,
        6,
        null
      ],
      "/Users/adamromano/Documents/GitHub/Battle/spec/features/enter_names_spec.rb": [
        1,
        null,
        null,
        1,
        1,
        1,
        1,
        null,
        null
      ],
      "/Users/adamromano/Documents/GitHub/Battle/spec/features/view_points_spec.rb": [
        1,
        null,
        null,
        1,
        1,
        1,
        1,
        null,
        null
      ],
      "/Users/adamromano/Documents/GitHub/Battle/spec/player_spec.rb": [

      ]
    },
    "timestamp": 1503071899
  }
}
